<?xml version="1.0" encoding="UTF-8"?>
<testng-results skipped="0" failed="0" ignored="0" total="1" passed="1">
  <reporter-output>
  </reporter-output>
  <suite name="Default suite" duration-ms="210" started-at="2022-04-09T05:41:04Z" finished-at="2022-04-09T05:41:05Z">
    <groups>
    </groups>
    <test name="Default test" duration-ms="210" started-at="2022-04-09T05:41:04Z" finished-at="2022-04-09T05:41:05Z">
      <class name="project9.Test1">
        <test-method status="PASS" signature="Test2()[pri:0, instance:project9.Test1@1ec2012]" name="Test2" duration-ms="60" started-at="2022-04-09T05:41:04Z" finished-at="2022-04-09T05:41:05Z">
          <reporter-output>
          </reporter-output>
        </test-method> <!-- Test2 -->
      </class> <!-- project9.Test1 -->
    </test> <!-- Default test -->
  </suite> <!-- Default suite -->
</testng-results>
